[CT] STARTING FROM FULL TRIAL INFORMATION GATHERING
[CT] GATHERING FULL DATA FOR EACH RARE DISEASE RELATED TRIAL
0.0
0.04666355576294914
0.09332711152589827
0.1399906672888474
0.18665422305179655
0.23331777881474566
0.2799813345776948
0.3266448903406439
0.3733084461035931
0.4199720018665422
0.4666355576294913
0.5132991133924405
0.5599626691553896
0.6066262249183387
0.6532897806812878
0.6999533364442371
0.7466168922071862
0.7932804479701353
0.8399440037330844
0.8866075594960335
0.9332711152589827
0.979934671021932
1.026598226784881
1.0732617825478301
1.1199253383107792
1.1665888940737283
1.2132524498366775
1.2599160055996266
1.3065795613625757
1.3532431171255248
1.3999066728884741
1.4465702286514233
1.4932337844143724
1.5398973401773215
1.5865608959402706
1.6332244517032197
1.6798880074661688
1.726551563229118
1.773215118992067
1.8198786747550162
1.8665422305179653
1.9132057862809144
